<?xml version="1.0" encoding="UTF-8"?>
<!-- Generated by org.testng.reporters.JUnitReportReporter -->
<testsuite hostname="agosain-54098414H" failures="0" tests="1" name="scrollTesting.ScrollUpDown" time="12.065" errors="0" timestamp="2025-07-28T14:47:13 IST" skipped="0">
  <testcase classname="scrollTesting.ScrollUpDown" name="Test" time="12.065"/>
</testsuite> <!-- scrollTesting.ScrollUpDown -->
