<?xml version="1.0" encoding="UTF-8"?>
<!-- Generated by org.testng.reporters.JUnitReportReporter -->
<testsuite hostname="agosain-54098414H" failures="0" tests="1" name="RadioTesting.RBTest" time="12.482" errors="0" timestamp="2025-07-28T10:18:44 IST" skipped="0">
  <testcase classname="RadioTesting.RBTest" name="RBlaunch" time="12.482"/>
</testsuite> <!-- RadioTesting.RBTest -->
