<?xml version="1.0" encoding="UTF-8"?>
<!-- Generated by org.testng.reporters.JUnitReportReporter -->
<testsuite hostname="agosain-54098414H" failures="0" tests="1" name="screenShotTesting.ScreenShot" time="5.870" errors="0" timestamp="2025-07-28T14:21:32 IST" skipped="0">
  <testcase classname="screenShotTesting.ScreenShot" name="RBlaunch" time="5.870"/>
</testsuite> <!-- screenShotTesting.ScreenShot -->
