<?xml version="1.0" encoding="UTF-8"?>
<!-- Generated by org.testng.reporters.JUnitReportReporter -->
<testsuite hostname="agosain-54098414H" failures="0" tests="1" name="library.TestScreenShots1" time="14.635" errors="0" timestamp="2025-07-28T14:34:48 IST" skipped="0">
  <testcase classname="library.TestScreenShots1" name="Browser" time="14.635"/>
</testsuite> <!-- library.TestScreenShots1 -->
