<?xml version="1.0" encoding="UTF-8"?>
<!-- Generated by org.testng.reporters.JUnitReportReporter -->
<testsuite hostname="agosain-54098414H" failures="0" tests="1" name="datadDrivenTest.DDTCaseStudy" time="48.608" errors="0" timestamp="2025-07-28T12:49:42 IST" skipped="0">
  <testcase classname="datadDrivenTest.DDTCaseStudy" name="locatorsTestingBlog" time="48.608"/>
</testsuite> <!-- datadDrivenTest.DDTCaseStudy -->
