<?xml version="1.0" encoding="UTF-8"?>
<!-- Generated by org.testng.reporters.JUnitReportReporter -->
<testsuite hostname="agosain-54098414H" failures="0" tests="1" name="AlertPopups.Rediffmail" time="10.403" errors="0" timestamp="2025-07-25T17:21:08 IST" skipped="0">
  <testcase classname="AlertPopups.Rediffmail" name="TestPopups" time="10.403"/>
</testsuite> <!-- AlertPopups.Rediffmail -->
