<?xml version="1.0" encoding="UTF-8"?>
<!-- Generated by org.testng.reporters.JUnitReportReporter -->
<testsuite hostname="agosain-54098414H" failures="0" tests="1" name="AlertPopups.OnlyTesting" time="6.205" errors="0" timestamp="2025-07-25T17:43:21 IST" skipped="0">
  <testcase classname="AlertPopups.OnlyTesting" name="TestPopups" time="6.205"/>
</testsuite> <!-- AlertPopups.OnlyTesting -->
