<?xml version="1.0" encoding="UTF-8"?>
<!-- Generated by org.testng.reporters.JUnitReportReporter -->
<testsuite hostname="agosain-54098414H" failures="0" tests="1" name="AlertPopups.AlertHandling" time="12.639" errors="0" timestamp="2025-07-25T17:10:01 IST" skipped="0">
  <testcase classname="AlertPopups.AlertHandling" name="TestPopups" time="12.639"/>
</testsuite> <!-- AlertPopups.AlertHandling -->
