<?xml version="1.0" encoding="UTF-8"?>
<!-- Generated by org.testng.reporters.JUnitReportReporter -->
<testsuite hostname="agosain-54098414H" failures="0" tests="1" name="DropDowns.SeleniumDropDown" time="9.732" errors="0" timestamp="2025-07-25T15:41:39 IST" skipped="0">
  <testcase classname="DropDowns.SeleniumDropDown" name="FBlaunch" time="9.732"/>
</testsuite> <!-- DropDowns.SeleniumDropDown -->
