<?xml version="1.0" encoding="UTF-8"?>
<!-- Generated by org.testng.reporters.JUnitReportReporter -->
<testsuite hostname="agosain-54098414H" failures="0" tests="1" name="locatorsDemo.DemoID" time="16.940" errors="0" timestamp="2025-07-25T12:23:17 IST" skipped="0">
  <testcase classname="locatorsDemo.DemoID" name="DemoTestID" time="16.940"/>
</testsuite> <!-- locatorsDemo.DemoID -->
